<?xml version="1.0" encoding="UTF-8"?>
<testsuite name="com.servitware.id.DNITest" tests="23" skipped="0" failures="0" errors="0" timestamp="2025-04-10T06:20:13" hostname="sparta" time="0.034">
  <properties/>
  <testcase name="constructor_WithValidDNI_DoesNotThrowException()" classname="com.servitware.id.DNITest" time="0.002"/>
  <testcase name="differentObjectsWithSameDNI_AreIndependent()" classname="com.servitware.id.DNITest" time="0.0"/>
  <testcase name="[1] 00000000A" classname="com.servitware.id.DNITest" time="0.001"/>
  <testcase name="[2] 00000001B" classname="com.servitware.id.DNITest" time="0.001"/>
  <testcase name="[3] 00000002C" classname="com.servitware.id.DNITest" time="0.0"/>
  <testcase name="[4] 00000003D" classname="com.servitware.id.DNITest" time="0.001"/>
  <testcase name="[5] 12345678A" classname="com.servitware.id.DNITest" time="0.001"/>
  <testcase name="[6] 98765432B" classname="com.servitware.id.DNITest" time="0.0"/>
  <testcase name="[7] 45678901C" classname="com.servitware.id.DNITest" time="0.0"/>
  <testcase name="[8] 23456789E" classname="com.servitware.id.DNITest" time="0.0"/>
  <testcase name="[1] 1234567A" classname="com.servitware.id.DNITest" time="0.001"/>
  <testcase name="[2] 123456789A" classname="com.servitware.id.DNITest" time="0.001"/>
  <testcase name="[3] A2345678B" classname="com.servitware.id.DNITest" time="0.001"/>
  <testcase name="[4] 123-4567X" classname="com.servitware.id.DNITest" time="0.0"/>
  <testcase name="[5] 12345678 " classname="com.servitware.id.DNITest" time="0.0"/>
  <testcase name="[6]  12345678T" classname="com.servitware.id.DNITest" time="0.0"/>
  <testcase name="[7] 12345678t" classname="com.servitware.id.DNITest" time="0.001"/>
  <testcase name="[8] 1234567X8" classname="com.servitware.id.DNITest" time="0.0"/>
  <testcase name="[9] 12345678*" classname="com.servitware.id.DNITest" time="0.0"/>
  <testcase name="[1] null" classname="com.servitware.id.DNITest" time="0.0"/>
  <testcase name="[2] " classname="com.servitware.id.DNITest" time="0.001"/>
  <testcase name="getId_ReturnsCorrectValue()" classname="com.servitware.id.DNITest" time="0.001"/>
  <testcase name="getId_ReturnsSameValueAsInput()" classname="com.servitware.id.DNITest" time="0.001"/>
  <system-out><![CDATA[]]></system-out>
  <system-err><![CDATA[]]></system-err>
</testsuite>
