<?xml version="1.0" encoding="UTF-8"?>
<testsuite name="com.servitware.base.impl.IntIdedTest" tests="33" skipped="0" failures="0" errors="0" timestamp="2025-04-10T06:20:13" hostname="sparta" time="0.132">
  <properties/>
  <testcase name="getId_ShouldReturnCorrectValue()" classname="com.servitware.base.impl.IntIdedTest" time="0.015"/>
  <testcase name="[1] 0" classname="com.servitware.base.impl.IntIdedTest" time="0.016"/>
  <testcase name="[2] -1" classname="com.servitware.base.impl.IntIdedTest" time="0.002"/>
  <testcase name="[3] -2147483648" classname="com.servitware.base.impl.IntIdedTest" time="0.001"/>
  <testcase name="[1] 1" classname="com.servitware.base.impl.IntIdedTest" time="0.001"/>
  <testcase name="[2]  2 " classname="com.servitware.base.impl.IntIdedTest" time="0.001"/>
  <testcase name="[3]   3  " classname="com.servitware.base.impl.IntIdedTest" time="0.001"/>
  <testcase name="[4] 123456789" classname="com.servitware.base.impl.IntIdedTest" time="0.001"/>
  <testcase name="[5] 1" classname="com.servitware.base.impl.IntIdedTest" time="0.001"/>
  <testcase name="[1] 0" classname="com.servitware.base.impl.IntIdedTest" time="0.002"/>
  <testcase name="[2] -2147483648" classname="com.servitware.base.impl.IntIdedTest" time="0.001"/>
  <testcase name="constructorWithMinId_ShouldWork()" classname="com.servitware.base.impl.IntIdedTest" time="0.001"/>
  <testcase name="[1] 1" classname="com.servitware.base.impl.IntIdedTest" time="0.001"/>
  <testcase name="[2]  123 " classname="com.servitware.base.impl.IntIdedTest" time="0.001"/>
  <testcase name="[3] 999999999" classname="com.servitware.base.impl.IntIdedTest" time="0.001"/>
  <testcase name="[4] 2147483647" classname="com.servitware.base.impl.IntIdedTest" time="0.001"/>
  <testcase name="constructorWithTooLargeNumber_ShouldThrowNumberFormatException()" classname="com.servitware.base.impl.IntIdedTest" time="0.001"/>
  <testcase name="[1] null" classname="com.servitware.base.impl.IntIdedTest" time="0.001"/>
  <testcase name="[2] " classname="com.servitware.base.impl.IntIdedTest" time="0.001"/>
  <testcase name="[3]  " classname="com.servitware.base.impl.IntIdedTest" time="0.001"/>
  <testcase name="[4]   " classname="com.servitware.base.impl.IntIdedTest" time="0.001"/>
  <testcase name="[5] &#9;" classname="com.servitware.base.impl.IntIdedTest" time="0.001"/>
  <testcase name="[6] &#10;" classname="com.servitware.base.impl.IntIdedTest" time="0.001"/>
  <testcase name="[1] 0" classname="com.servitware.base.impl.IntIdedTest" time="0.001"/>
  <testcase name="[2] -1" classname="com.servitware.base.impl.IntIdedTest" time="0.001"/>
  <testcase name="[3] 1.0" classname="com.servitware.base.impl.IntIdedTest" time="0.001"/>
  <testcase name="[4] abc" classname="com.servitware.base.impl.IntIdedTest" time="0.001"/>
  <testcase name="[5] 123abc" classname="com.servitware.base.impl.IntIdedTest" time="0.0"/>
  <testcase name="[6] 1,000" classname="com.servitware.base.impl.IntIdedTest" time="0.001"/>
  <testcase name="[1] 1" classname="com.servitware.base.impl.IntIdedTest" time="0.001"/>
  <testcase name="[2] 2" classname="com.servitware.base.impl.IntIdedTest" time="0.0"/>
  <testcase name="[3] 100" classname="com.servitware.base.impl.IntIdedTest" time="0.001"/>
  <testcase name="[4] 2147483647" classname="com.servitware.base.impl.IntIdedTest" time="0.0"/>
  <system-out><![CDATA[]]></system-out>
  <system-err><![CDATA[]]></system-err>
</testsuite>
